<?xml version="1.0" encoding="UTF-8"?>
<testng-results skipped="0" failed="0" total="1" passed="1">
  <reporter-output>
  </reporter-output>
  <suite name="Suite" duration-ms="5883" started-at="2017-01-26T02:34:20Z" finished-at="2017-01-26T02:34:26Z">
    <groups>
    </groups>
    <test name="Test" duration-ms="5883" started-at="2017-01-26T02:34:20Z" finished-at="2017-01-26T02:34:26Z">
      <class name="learn.Sequence">
        <test-method status="PASS" signature="setUp()[pri:0, instance:learn.Sequence@6e3c1e69]" name="setUp" is-config="true" duration-ms="2466" started-at="2017-01-26T08:04:20Z" finished-at="2017-01-26T08:04:22Z">
          <reporter-output>
          </reporter-output>
        </test-method> <!-- setUp -->
        <test-method status="PASS" signature="sequnceOne()[pri:0, instance:learn.Sequence@6e3c1e69]" name="sequnceOne" duration-ms="3331" started-at="2017-01-26T08:04:22Z" finished-at="2017-01-26T08:04:26Z">
          <reporter-output>
          </reporter-output>
        </test-method> <!-- sequnceOne -->
        <test-method status="PASS" signature="tearDown()[pri:0, instance:learn.Sequence@6e3c1e69]" name="tearDown" is-config="true" duration-ms="76" started-at="2017-01-26T08:04:26Z" finished-at="2017-01-26T08:04:26Z">
          <reporter-output>
          </reporter-output>
        </test-method> <!-- tearDown -->
      </class> <!-- learn.Sequence -->
    </test> <!-- Test -->
  </suite> <!-- Suite -->
</testng-results>
